<?xml version="1.0" encoding="UTF-8"?>
<!-- Generated by org.testng.reporters.JUnitReportReporter -->
<testsuite hostname="KABLRBL-LTTH007" failures="0" tests="1" name="restTest.GetandPost" time="1.984" errors="0" timestamp="2024-04-22T00:02:47 IST" skipped="0">
  <testcase classname="restTest.GetandPost" name="testPost" time="1.984"/>
</testsuite> <!-- restTest.GetandPost -->
