<?xml version="1.0" encoding="UTF-8"?>
<!-- Generated by org.testng.reporters.JUnitReportReporter -->
<testsuite hostname="KABLRBL-LTTH007" failures="0" tests="2" name="restTest.Test1" time="2.233" errors="0" timestamp="2024-04-21T02:04:50 IST" skipped="0">
  <testcase classname="restTest.Test1" name="test2" time="0.702"/>
  <testcase classname="restTest.Test1" name="test1" time="1.531"/>
</testsuite> <!-- restTest.Test1 -->
